<?xml version="1.0" encoding="UTF-8"?>
<!-- Generated by org.testng.reporters.JUnitReportReporter -->
<testsuite hostname="R90MRFCB" failures="0" tests="1" name="testCases.SimpleFormDemo_Test1" time="2.272" errors="0" timestamp="2024-08-16T20:20:26 EDT" skipped="0">
  <testcase classname="testCases.SimpleFormDemo_Test1" name="testScenario1" time="2.272"/>
  <system-out/>
</testsuite> <!-- testCases.SimpleFormDemo_Test1 -->
