<?xml version="1.0" encoding="UTF-8"?>
<!-- Generated by org.testng.reporters.JUnitReportReporter -->
<testsuite hostname="R90MRFCB" failures="0" tests="1" name="testCases.DragNDrop_Test2" time="2.843" errors="0" timestamp="2024-08-16T20:20:26 EDT" skipped="0">
  <testcase classname="testCases.DragNDrop_Test2" name="testScenario2" time="2.843"/>
  <system-out/>
</testsuite> <!-- testCases.DragNDrop_Test2 -->
