<?xml version="1.0" encoding="UTF-8"?>
<!-- Generated by org.testng.reporters.JUnitReportReporter -->
<testsuite hostname="R90MRFCB" failures="0" tests="1" name="testCases.InputFormDemo_Test3" time="4.547" errors="0" timestamp="2024-08-16T20:20:26 EDT" skipped="0">
  <testcase classname="testCases.InputFormDemo_Test3" name="testScenario3" time="4.547"/>
  <system-out/>
</testsuite> <!-- testCases.InputFormDemo_Test3 -->
